E:\SHANE BACKUP 2013.01.31\SHANEH\DOCUMENTS\VISUAL STUDIO 2010\PROJECTS\SHANELIB\SHANELIB\DEBUG\LIB.OBJ
E:\SHANE BACKUP 2013.01.31\SHANEH\DOCUMENTS\VISUAL STUDIO 2010\PROJECTS\SHANELIB\SHANELIB\DEBUG\VC100.PDB
E:\SHANE BACKUP 2013.01.31\SHANEH\DOCUMENTS\VISUAL STUDIO 2010\PROJECTS\SHANELIB\DEBUG\SHANELIB.ILK
E:\SHANE BACKUP 2013.01.31\SHANEH\DOCUMENTS\VISUAL STUDIO 2010\PROJECTS\SHANELIB\DEBUG\SHANELIB.DLL
E:\SHANE BACKUP 2013.01.31\SHANEH\DOCUMENTS\VISUAL STUDIO 2010\PROJECTS\SHANELIB\SHANELIB\DEBUG\SHANELIB.DLL.INTERMEDIATE.MANIFEST
E:\SHANE BACKUP 2013.01.31\SHANEH\DOCUMENTS\VISUAL STUDIO 2010\PROJECTS\SHANELIB\DEBUG\SHANELIB.PDB
E:\SHANE BACKUP 2013.01.31\SHANEH\DOCUMENTS\VISUAL STUDIO 2010\PROJECTS\SHANELIB\SHANELIB\DEBUG\SHANELIB.DLL.EMBED.MANIFEST
E:\SHANE BACKUP 2013.01.31\SHANEH\DOCUMENTS\VISUAL STUDIO 2010\PROJECTS\SHANELIB\SHANELIB\DEBUG\SHANELIB.DLL.EMBED.MANIFEST.RES
E:\Shane Backup 2013.01.31\shaneh\Documents\Visual Studio 2010\Projects\ShaneLib\Debug\ShaneLib.lib
E:\Shane Backup 2013.01.31\shaneh\Documents\Visual Studio 2010\Projects\ShaneLib\Debug\ShaneLib.exp
E:\Shane Backup 2013.01.31\shaneh\Documents\Visual Studio 2010\Projects\ShaneLib\ShaneLib\Debug\lib.obj
E:\Shane Backup 2013.01.31\shaneh\Documents\Visual Studio 2010\Projects\ShaneLib\ShaneLib\Debug\cl.command.1.tlog
E:\Shane Backup 2013.01.31\shaneh\Documents\Visual Studio 2010\Projects\ShaneLib\ShaneLib\Debug\CL.read.1.tlog
E:\Shane Backup 2013.01.31\shaneh\Documents\Visual Studio 2010\Projects\ShaneLib\ShaneLib\Debug\CL.write.1.tlog
E:\Shane Backup 2013.01.31\shaneh\Documents\Visual Studio 2010\Projects\ShaneLib\ShaneLib\Debug\link-cvtres.read.1.tlog
E:\Shane Backup 2013.01.31\shaneh\Documents\Visual Studio 2010\Projects\ShaneLib\ShaneLib\Debug\link-cvtres.write.1.tlog
E:\Shane Backup 2013.01.31\shaneh\Documents\Visual Studio 2010\Projects\ShaneLib\ShaneLib\Debug\link.8272-cvtres.read.1.tlog
E:\Shane Backup 2013.01.31\shaneh\Documents\Visual Studio 2010\Projects\ShaneLib\ShaneLib\Debug\link.8272-cvtres.write.1.tlog
E:\Shane Backup 2013.01.31\shaneh\Documents\Visual Studio 2010\Projects\ShaneLib\ShaneLib\Debug\link.8272.read.1.tlog
E:\Shane Backup 2013.01.31\shaneh\Documents\Visual Studio 2010\Projects\ShaneLib\ShaneLib\Debug\link.8272.write.1.tlog
E:\Shane Backup 2013.01.31\shaneh\Documents\Visual Studio 2010\Projects\ShaneLib\ShaneLib\Debug\link.command.1.tlog
E:\Shane Backup 2013.01.31\shaneh\Documents\Visual Studio 2010\Projects\ShaneLib\ShaneLib\Debug\link.read.1.tlog
E:\Shane Backup 2013.01.31\shaneh\Documents\Visual Studio 2010\Projects\ShaneLib\ShaneLib\Debug\link.write.1.tlog
E:\Shane Backup 2013.01.31\shaneh\Documents\Visual Studio 2010\Projects\ShaneLib\ShaneLib\Debug\mt.command.1.tlog
E:\Shane Backup 2013.01.31\shaneh\Documents\Visual Studio 2010\Projects\ShaneLib\ShaneLib\Debug\mt.read.1.tlog
E:\Shane Backup 2013.01.31\shaneh\Documents\Visual Studio 2010\Projects\ShaneLib\ShaneLib\Debug\mt.write.1.tlog
E:\Shane Backup 2013.01.31\shaneh\Documents\Visual Studio 2010\Projects\ShaneLib\ShaneLib\Debug\rc.command.1.tlog
E:\Shane Backup 2013.01.31\shaneh\Documents\Visual Studio 2010\Projects\ShaneLib\ShaneLib\Debug\rc.read.1.tlog
E:\Shane Backup 2013.01.31\shaneh\Documents\Visual Studio 2010\Projects\ShaneLib\ShaneLib\Debug\rc.write.1.tlog
E:\Shane Backup 2013.01.31\shaneh\Documents\Visual Studio 2010\Projects\ShaneLib\ShaneLib\Debug\ShaneLib.write.1.tlog
E:\Shane Backup 2013.01.31\shaneh\Documents\Visual Studio 2010\Projects\ShaneLib\ShaneLib\Debug\ShaneLib.dll.embed.manifest
E:\Shane Backup 2013.01.31\shaneh\Documents\Visual Studio 2010\Projects\ShaneLib\ShaneLib\Debug\ShaneLib.dll.intermediate.manifest
E:\Shane Backup 2013.01.31\shaneh\Documents\Visual Studio 2010\Projects\ShaneLib\ShaneLib\Debug\ShaneLib.dll.embed.manifest.res
E:\Shane Backup 2013.01.31\shaneh\Documents\Visual Studio 2010\Projects\ShaneLib\ShaneLib\Debug\vc100.idb
E:\Shane Backup 2013.01.31\shaneh\Documents\Visual Studio 2010\Projects\ShaneLib\ShaneLib\Debug\vc100.pdb
E:\Shane Backup 2013.01.31\shaneh\Documents\Visual Studio 2010\Projects\ShaneLib\ShaneLib\Debug\ShaneLib_manifest.rc
E:\Shane Backup 2013.01.31\shaneh\Documents\Visual Studio 2010\Projects\ShaneLib\Debug\ShaneLib.pdb
E:\Shane Backup 2013.01.31\shaneh\Documents\Visual Studio 2010\Projects\ShaneLib\Debug\ShaneLib.dll
E:\Shane Backup 2013.01.31\shaneh\Documents\Visual Studio 2010\Projects\ShaneLib\Debug\ShaneLib.ilk
