C:\USERS\SHANEH\DOCUMENTS\VISUAL STUDIO 2010\PROJECTS\SHANELIB\SHANELIB\RELEASE\LIB.OBJ
C:\USERS\SHANEH\DOCUMENTS\VISUAL STUDIO 2010\PROJECTS\SHANELIB\SHANELIB\RELEASE\VC100.PDB
E:\SHANE BACKUP 2013.01.31\SHANEH\DOCUMENTS\VISUAL STUDIO 2010\PROJECTS\SHANELIB\SHANELIB\RELEASE\LIB.OBJ
E:\SHANE BACKUP 2013.01.31\SHANEH\DOCUMENTS\VISUAL STUDIO 2010\PROJECTS\SHANELIB\SHANELIB\RELEASE\VC100.PDB
C:\USERS\SHANEH\DOCUMENTS\VISUAL STUDIO 2010\PROJECTS\SHANELIB\RELEASE\SHANELIB.DLL
C:\USERS\SHANEH\DOCUMENTS\VISUAL STUDIO 2010\PROJECTS\SHANELIB\SHANELIB\RELEASE\SHANELIB.DLL.INTERMEDIATE.MANIFEST
C:\USERS\SHANEH\DOCUMENTS\VISUAL STUDIO 2010\PROJECTS\SHANELIB\RELEASE\SHANELIB.PDB
E:\SHANE BACKUP 2013.01.31\SHANEH\DOCUMENTS\VISUAL STUDIO 2010\PROJECTS\SHANELIB\RELEASE\SHANELIB.DLL
E:\SHANE BACKUP 2013.01.31\SHANEH\DOCUMENTS\VISUAL STUDIO 2010\PROJECTS\SHANELIB\SHANELIB\RELEASE\SHANELIB.DLL.INTERMEDIATE.MANIFEST
E:\SHANE BACKUP 2013.01.31\SHANEH\DOCUMENTS\VISUAL STUDIO 2010\PROJECTS\SHANELIB\RELEASE\SHANELIB.PDB
C:\Users\shaneh\Documents\Visual Studio 2010\Projects\ShaneLib\Release\ShaneLib.lib
C:\Users\shaneh\Documents\Visual Studio 2010\Projects\ShaneLib\Release\ShaneLib.exp
E:\Shane Backup 2013.01.31\shaneh\Documents\Visual Studio 2010\Projects\ShaneLib\Release\ShaneLib.lib
E:\Shane Backup 2013.01.31\shaneh\Documents\Visual Studio 2010\Projects\ShaneLib\Release\ShaneLib.exp
E:\Shane Backup 2013.01.31\shaneh\Documents\Visual Studio 2010\Projects\ShaneLib\ShaneLib\Release\lib.obj
E:\Shane Backup 2013.01.31\shaneh\Documents\Visual Studio 2010\Projects\ShaneLib\ShaneLib\Release\cl.command.1.tlog
E:\Shane Backup 2013.01.31\shaneh\Documents\Visual Studio 2010\Projects\ShaneLib\ShaneLib\Release\CL.read.1.tlog
E:\Shane Backup 2013.01.31\shaneh\Documents\Visual Studio 2010\Projects\ShaneLib\ShaneLib\Release\CL.write.1.tlog
E:\Shane Backup 2013.01.31\shaneh\Documents\Visual Studio 2010\Projects\ShaneLib\ShaneLib\Release\link.command.1.tlog
E:\Shane Backup 2013.01.31\shaneh\Documents\Visual Studio 2010\Projects\ShaneLib\ShaneLib\Release\link.read.1.tlog
E:\Shane Backup 2013.01.31\shaneh\Documents\Visual Studio 2010\Projects\ShaneLib\ShaneLib\Release\link.write.1.tlog
E:\Shane Backup 2013.01.31\shaneh\Documents\Visual Studio 2010\Projects\ShaneLib\ShaneLib\Release\mt.command.1.tlog
E:\Shane Backup 2013.01.31\shaneh\Documents\Visual Studio 2010\Projects\ShaneLib\ShaneLib\Release\mt.read.1.tlog
E:\Shane Backup 2013.01.31\shaneh\Documents\Visual Studio 2010\Projects\ShaneLib\ShaneLib\Release\mt.write.1.tlog
E:\Shane Backup 2013.01.31\shaneh\Documents\Visual Studio 2010\Projects\ShaneLib\ShaneLib\Release\ShaneLib.write.1.tlog
E:\Shane Backup 2013.01.31\shaneh\Documents\Visual Studio 2010\Projects\ShaneLib\ShaneLib\Release\ShaneLib.dll.intermediate.manifest
E:\Shane Backup 2013.01.31\shaneh\Documents\Visual Studio 2010\Projects\ShaneLib\ShaneLib\Release\vc100.pdb
E:\Shane Backup 2013.01.31\shaneh\Documents\Visual Studio 2010\Projects\ShaneLib\Release\ShaneLib.pdb
E:\Shane Backup 2013.01.31\shaneh\Documents\Visual Studio 2010\Projects\ShaneLib\Release\ShaneLib.dll
